Generating self-signed certificate for development in certs
.+.....+..........+......+........+.+.........+.........+..+....+.........+..+....+..+....+......+..+++++++++++++++++++++++++++++++++++++++++++++++++++++++++++++++++*...+...+.........+........+...+..........+..+...+...+.+...+..+.+.........+......+...+.....+....+..+......+.......+...+...+..............+++++++++++++++++++++++++++++++++++++++++++++++++++++++++++++++++*.+.......+...+........+.......+..+...+....+.....+...+...+..........+...+..+...................+.....+...+.......+......+..+...+..........+...+.........+......+..+....+...+..+......+...+.+........+.+...........+.+..+.+...........+...+...+.........+..........+...+..+......+.......+............+...+......+..+...+............+.......+.....+.+............+...+.........+........+....+...+..+.........+.........+.......+........+.+++++++++++++++++++++++++++++++++++++++++++++++++++++++++++++++++
.......+..+......+.......+++++++++++++++++++++++++++++++++++++++++++++++++++++++++++++++++*...+.+.........+.....+.+.....+.............+...+.....+...+....+.....+...+.......+..+...+++++++++++++++++++++++++++++++++++++++++++++++++++++++++++++++++*.......+.+..+......+.+.....+.+...+.....+.+......+..............+.+...+.........+.....+.+..+............+..........+.....+.+..+.......+.......................+....+...+..+.........+....+......+..+...+.....................+....+.....+.+...+...+.....+.........+.+..+......+.+.........+.....+.+.....+......+.......+..+..................+.+..+.........+...+.+......+...+...........+....+............+.....+.+..+...+.......+...+............+..+.+.....+...+.........+............+.........+.......+..+..........+...........+.........+............+...+.......+...........+.............+..+.......+........+.............+....................+.........+.+.........+...+..+......+..................................+......+..+++++++++++++++++++++++++++++++++++++++++++++++++++++++++++++++++
-----
Starting uvicorn with SSL...
INFO:     Will watch for changes in these directories: ['/workspaces/kartmanagement']
INFO:     Uvicorn running on https://0.0.0.0:5000 (Press CTRL+C to quit)
INFO:     Started reloader process [4691] using WatchFiles
INFO:     Started server process [4715]
INFO:     Waiting for application startup.
INFO:     Application startup complete.
WARNING:  WatchFiles detected changes in 'app.py'. Reloading...
INFO:     Shutting down
INFO:     Waiting for application shutdown.
INFO:     Application shutdown complete.
INFO:     Finished server process [4715]
INFO:     Started server process [28383]
INFO:     Waiting for application startup.
INFO:     Application startup complete.
WARNING:  WatchFiles detected changes in 'tests/test_product_update_api.py', 'core/responses.py', 'core/request.py', 'controllers/product_controller.py', 'tests/test_product_api.py', 'tests/test_reviews_delete.py', 'tests/test_product_extra_api.py', 'router.py', 'tests/test_cart_api.py', 'tests/test_api_smoke.py', 'controllers/cart_controller.py', 'tests/test_wishlist_api.py', 'app.py'. Reloading...
INFO:     Shutting down
INFO:     Waiting for application shutdown.
INFO:     Application shutdown complete.
INFO:     Finished server process [28383]
INFO:     Started server process [43710]
INFO:     Waiting for application startup.
INFO:     Application startup complete.
